Godot Engine v3.2.3.stable.official - https://godotengine.org
OpenGL ES 3.0 Renderer: GeForce GTX 1070/PCIe/SSE2
 
**ERROR**: Can't use get_node() with absolute paths from outside the active scene tree.
   At: scene/main/node.cpp:1320:get_node_or_null() - Condition "!data.inside_tree && p_path.is_absolute()" is true. Returned: __null
**ERROR**: Can't use get_node() with absolute paths from outside the active scene tree.
   At: scene/main/node.cpp:1320:get_node_or_null() - Condition "!data.inside_tree && p_path.is_absolute()" is true. Returned: __null
**ERROR**: Can't use get_node() with absolute paths from outside the active scene tree.
   At: scene/main/node.cpp:1320:get_node_or_null() - Condition "!data.inside_tree && p_path.is_absolute()" is true. Returned: __null
**ERROR**: Can't use get_node() with absolute paths from outside the active scene tree.
   At: scene/main/node.cpp:1320:get_node_or_null() - Condition "!data.inside_tree && p_path.is_absolute()" is true. Returned: __null
**ERROR**: Can't use get_node() with absolute paths from outside the active scene tree.
   At: scene/main/node.cpp:1320:get_node_or_null() - Condition "!data.inside_tree && p_path.is_absolute()" is true. Returned: __null
**ERROR**: Can't use get_node() with absolute paths from outside the active scene tree.
   At: scene/main/node.cpp:1320:get_node_or_null() - Condition "!data.inside_tree && p_path.is_absolute()" is true. Returned: __null
**ERROR**: Can't use get_node() with absolute paths from outside the active scene tree.
   At: scene/main/node.cpp:1320:get_node_or_null() - Condition "!data.inside_tree && p_path.is_absolute()" is true. Returned: __null
**ERROR**: Can't use get_node() with absolute paths from outside the active scene tree.
   At: scene/main/node.cpp:1320:get_node_or_null() - Condition "!data.inside_tree && p_path.is_absolute()" is true. Returned: __null
**ERROR**: Can't use get_node() with absolute paths from outside the active scene tree.
   At: scene/main/node.cpp:1320:get_node_or_null() - Condition "!data.inside_tree && p_path.is_absolute()" is true. Returned: __null
**ERROR**: Can't use get_node() with absolute paths from outside the active scene tree.
   At: scene/main/node.cpp:1320:get_node_or_null() - Condition "!data.inside_tree && p_path.is_absolute()" is true. Returned: __null
**ERROR**: Can't use get_node() with absolute paths from outside the active scene tree.
   At: scene/main/node.cpp:1320:get_node_or_null() - Condition "!data.inside_tree && p_path.is_absolute()" is true. Returned: __null
**ERROR**: Can't use get_node() with absolute paths from outside the active scene tree.
   At: scene/main/node.cpp:1320:get_node_or_null() - Condition "!data.inside_tree && p_path.is_absolute()" is true. Returned: __null
**ERROR**: Can't use get_node() with absolute paths from outside the active scene tree.
   At: scene/main/node.cpp:1320:get_node_or_null() - Condition "!data.inside_tree && p_path.is_absolute()" is true. Returned: __null
**ERROR**: Can't use get_node() with absolute paths from outside the active scene tree.
   At: scene/main/node.cpp:1320:get_node_or_null() - Condition "!data.inside_tree && p_path.is_absolute()" is true. Returned: __null
**ERROR**: Can't use get_node() with absolute paths from outside the active scene tree.
   At: scene/main/node.cpp:1320:get_node_or_null() - Condition "!data.inside_tree && p_path.is_absolute()" is true. Returned: __null
**ERROR**: Can't use get_node() with absolute paths from outside the active scene tree.
   At: scene/main/node.cpp:1320:get_node_or_null() - Condition "!data.inside_tree && p_path.is_absolute()" is true. Returned: __null
**ERROR**: Can't use get_node() with absolute paths from outside the active scene tree.
   At: scene/main/node.cpp:1320:get_node_or_null() - Condition "!data.inside_tree && p_path.is_absolute()" is true. Returned: __null
**ERROR**: Can't use get_node() with absolute paths from outside the active scene tree.
   At: scene/main/node.cpp:1320:get_node_or_null() - Condition "!data.inside_tree && p_path.is_absolute()" is true. Returned: __null
**ERROR**: Can't use get_node() with absolute paths from outside the active scene tree.
   At: scene/main/node.cpp:1320:get_node_or_null() - Condition "!data.inside_tree && p_path.is_absolute()" is true. Returned: __null
**ERROR**: Can't use get_node() with absolute paths from outside the active scene tree.
   At: scene/main/node.cpp:1320:get_node_or_null() - Condition "!data.inside_tree && p_path.is_absolute()" is true. Returned: __null
**ERROR**: Can't use get_node() with absolute paths from outside the active scene tree.
   At: scene/main/node.cpp:1320:get_node_or_null() - Condition "!data.inside_tree && p_path.is_absolute()" is true. Returned: __null
**ERROR**: Can't use get_node() with absolute paths from outside the active scene tree.
   At: scene/main/node.cpp:1320:get_node_or_null() - Condition "!data.inside_tree && p_path.is_absolute()" is true. Returned: __null
**ERROR**: Can't use get_node() with absolute paths from outside the active scene tree.
   At: scene/main/node.cpp:1320:get_node_or_null() - Condition "!data.inside_tree && p_path.is_absolute()" is true. Returned: __null
**ERROR**: Can't use get_node() with absolute paths from outside the active scene tree.
   At: scene/main/node.cpp:1320:get_node_or_null() - Condition "!data.inside_tree && p_path.is_absolute()" is true. Returned: __null
**ERROR**: Can't use get_node() with absolute paths from outside the active scene tree.
   At: scene/main/node.cpp:1320:get_node_or_null() - Condition "!data.inside_tree && p_path.is_absolute()" is true. Returned: __null
**ERROR**: Can't use get_node() with absolute paths from outside the active scene tree.
   At: scene/main/node.cpp:1320:get_node_or_null() - Condition "!data.inside_tree && p_path.is_absolute()" is true. Returned: __null
**ERROR**: Can't use get_node() with absolute paths from outside the active scene tree.
   At: scene/main/node.cpp:1320:get_node_or_null() - Condition "!data.inside_tree && p_path.is_absolute()" is true. Returned: __null
**ERROR**: Can't use get_node() with absolute paths from outside the active scene tree.
   At: scene/main/node.cpp:1320:get_node_or_null() - Condition "!data.inside_tree && p_path.is_absolute()" is true. Returned: __null
**ERROR**: Can't use get_node() with absolute paths from outside the active scene tree.
   At: scene/main/node.cpp:1320:get_node_or_null() - Condition "!data.inside_tree && p_path.is_absolute()" is true. Returned: __null
**ERROR**: Can't use get_node() with absolute paths from outside the active scene tree.
   At: scene/main/node.cpp:1320:get_node_or_null() - Condition "!data.inside_tree && p_path.is_absolute()" is true. Returned: __null
**ERROR**: Can't use get_node() with absolute paths from outside the active scene tree.
   At: scene/main/node.cpp:1320:get_node_or_null() - Condition "!data.inside_tree && p_path.is_absolute()" is true. Returned: __null
**ERROR**: Can't use get_node() with absolute paths from outside the active scene tree.
   At: scene/main/node.cpp:1320:get_node_or_null() - Condition "!data.inside_tree && p_path.is_absolute()" is true. Returned: __null
**ERROR**: Can't use get_node() with absolute paths from outside the active scene tree.
   At: scene/main/node.cpp:1320:get_node_or_null() - Condition "!data.inside_tree && p_path.is_absolute()" is true. Returned: __null
**ERROR**: Can't use get_node() with absolute paths from outside the active scene tree.
   At: scene/main/node.cpp:1320:get_node_or_null() - Condition "!data.inside_tree && p_path.is_absolute()" is true. Returned: __null
**ERROR**: Can't use get_node() with absolute paths from outside the active scene tree.
   At: scene/main/node.cpp:1320:get_node_or_null() - Condition "!data.inside_tree && p_path.is_absolute()" is true. Returned: __null
**ERROR**: Can't use get_node() with absolute paths from outside the active scene tree.
   At: scene/main/node.cpp:1320:get_node_or_null() - Condition "!data.inside_tree && p_path.is_absolute()" is true. Returned: __null
**ERROR**: Can't use get_node() with absolute paths from outside the active scene tree.
   At: scene/main/node.cpp:1320:get_node_or_null() - Condition "!data.inside_tree && p_path.is_absolute()" is true. Returned: __null
**ERROR**: Can't use get_node() with absolute paths from outside the active scene tree.
   At: scene/main/node.cpp:1320:get_node_or_null() - Condition "!data.inside_tree && p_path.is_absolute()" is true. Returned: __null
**ERROR**: Can't use get_node() with absolute paths from outside the active scene tree.
   At: scene/main/node.cpp:1320:get_node_or_null() - Condition "!data.inside_tree && p_path.is_absolute()" is true. Returned: __null
**ERROR**: Can't use get_node() with absolute paths from outside the active scene tree.
   At: scene/main/node.cpp:1320:get_node_or_null() - Condition "!data.inside_tree && p_path.is_absolute()" is true. Returned: __null
**ERROR**: Can't use get_node() with absolute paths from outside the active scene tree.
   At: scene/main/node.cpp:1320:get_node_or_null() - Condition "!data.inside_tree && p_path.is_absolute()" is true. Returned: __null
**ERROR**: Can't use get_node() with absolute paths from outside the active scene tree.
   At: scene/main/node.cpp:1320:get_node_or_null() - Condition "!data.inside_tree && p_path.is_absolute()" is true. Returned: __null
**ERROR**: Can't use get_node() with absolute paths from outside the active scene tree.
   At: scene/main/node.cpp:1320:get_node_or_null() - Condition "!data.inside_tree && p_path.is_absolute()" is true. Returned: __null
**ERROR**: Can't use get_node() with absolute paths from outside the active scene tree.
   At: scene/main/node.cpp:1320:get_node_or_null() - Condition "!data.inside_tree && p_path.is_absolute()" is true. Returned: __null
**ERROR**: Condition "!viewport->canvas_map.has(p_canvas)" is true.
   At: servers/visual/visual_server_viewport.cpp:601:viewport_set_canvas_transform() - Condition "!viewport->canvas_map.has(p_canvas)" is true.
**ERROR**: Condition "!viewport->canvas_map.has(p_canvas)" is true.
   At: servers/visual/visual_server_viewport.cpp:601:viewport_set_canvas_transform() - Condition "!viewport->canvas_map.has(p_canvas)" is true.
**ERROR**: Condition "!viewport->canvas_map.has(p_canvas)" is true.
   At: servers/visual/visual_server_viewport.cpp:601:viewport_set_canvas_transform() - Condition "!viewport->canvas_map.has(p_canvas)" is true.
**ERROR**: Condition "!viewport->canvas_map.has(p_canvas)" is true.
   At: servers/visual/visual_server_viewport.cpp:601:viewport_set_canvas_transform() - Condition "!viewport->canvas_map.has(p_canvas)" is true.
**ERROR**: Condition "!viewport->canvas_map.has(p_canvas)" is true.
   At: servers/visual/visual_server_viewport.cpp:601:viewport_set_canvas_transform() - Condition "!viewport->canvas_map.has(p_canvas)" is true.
**ERROR**: Can't use get_node() with absolute paths from outside the active scene tree.
   At: scene/main/node.cpp:1320:get_node_or_null() - Condition "!data.inside_tree && p_path.is_absolute()" is true. Returned: __null
**ERROR**: Can't use get_node() with absolute paths from outside the active scene tree.
   At: scene/main/node.cpp:1320:get_node_or_null() - Condition "!data.inside_tree && p_path.is_absolute()" is true. Returned: __null
**ERROR**: Condition "!viewport->canvas_map.has(p_canvas)" is true.
   At: servers/visual/visual_server_viewport.cpp:601:viewport_set_canvas_transform() - Condition "!viewport->canvas_map.has(p_canvas)" is true.
**ERROR**: Can't use get_node() with absolute paths from outside the active scene tree.
   At: scene/main/node.cpp:1320:get_node_or_null() - Condition "!data.inside_tree && p_path.is_absolute()" is true. Returned: __null
**ERROR**: Can't use get_node() with absolute paths from outside the active scene tree.
   At: scene/main/node.cpp:1320:get_node_or_null() - Condition "!data.inside_tree && p_path.is_absolute()" is true. Returned: __null
**ERROR**: Can't use get_node() with absolute paths from outside the active scene tree.
   At: scene/main/node.cpp:1320:get_node_or_null() - Condition "!data.inside_tree && p_path.is_absolute()" is true. Returned: __null
**ERROR**: Can't use get_node() with absolute paths from outside the active scene tree.
   At: scene/main/node.cpp:1320:get_node_or_null() - Condition "!data.inside_tree && p_path.is_absolute()" is true. Returned: __null
**ERROR**: Can't use get_node() with absolute paths from outside the active scene tree.
   At: scene/main/node.cpp:1320:get_node_or_null() - Condition "!data.inside_tree && p_path.is_absolute()" is true. Returned: __null
**ERROR**: Can't use get_node() with absolute paths from outside the active scene tree.
   At: scene/main/node.cpp:1320:get_node_or_null() - Condition "!data.inside_tree && p_path.is_absolute()" is true. Returned: __null
**SCRIPT ERROR**: Parse Error: Unknown class: "Attacco"
   At: res://Entita/Attacchi/fisico/SwordSlash.gd:1:GDScript::reload() - Parse Error: Unknown class: "Attacco"
**ERROR**: Method failed. Returning: ERR_PARSE_ERROR
   At: modules/gdscript/gdscript.cpp:599:reload() - Method failed. Returning: ERR_PARSE_ERROR
**ERROR**: Can't use get_node() with absolute paths from outside the active scene tree.
   At: scene/main/node.cpp:1320:get_node_or_null() - Condition "!data.inside_tree && p_path.is_absolute()" is true. Returned: __null
**ERROR**: Can't use get_node() with absolute paths from outside the active scene tree.
   At: scene/main/node.cpp:1320:get_node_or_null() - Condition "!data.inside_tree && p_path.is_absolute()" is true. Returned: __null
**ERROR**: Can't use get_node() with absolute paths from outside the active scene tree.
   At: scene/main/node.cpp:1320:get_node_or_null() - Condition "!data.inside_tree && p_path.is_absolute()" is true. Returned: __null
**ERROR**: Can't use get_node() with absolute paths from outside the active scene tree.
   At: scene/main/node.cpp:1320:get_node_or_null() - Condition "!data.inside_tree && p_path.is_absolute()" is true. Returned: __null
**ERROR**: Can't use get_node() with absolute paths from outside the active scene tree.
   At: scene/main/node.cpp:1320:get_node_or_null() - Condition "!data.inside_tree && p_path.is_absolute()" is true. Returned: __null
**ERROR**: Can't use get_node() with absolute paths from outside the active scene tree.
   At: scene/main/node.cpp:1320:get_node_or_null() - Condition "!data.inside_tree && p_path.is_absolute()" is true. Returned: __null
